<?xml version="1.0" encoding="UTF-8"?>
<testng-results ignored="0" total="1" passed="1" failed="0" skipped="0">
  <reporter-output>
  </reporter-output>
  <suite started-at="2024-01-22T16:47:08 IST" name="Suite" finished-at="2024-01-22T16:47:14 IST" duration-ms="5671">
    <groups>
    </groups>
    <test started-at="2024-01-22T16:47:08 IST" name="Test" finished-at="2024-01-22T16:47:14 IST" duration-ms="5671">
      <class name="mavenforjenkins.UITest">
        <test-method signature="browsercheck()[pri:0, instance:mavenforjenkins.UITest@1e1a0406]" started-at="2024-01-22T16:47:08 IST" name="browsercheck" finished-at="2024-01-22T16:47:14 IST" duration-ms="5620" status="PASS">
          <reporter-output>
          </reporter-output>
        </test-method> <!-- browsercheck -->
      </class> <!-- mavenforjenkins.UITest -->
    </test> <!-- Test -->
  </suite> <!-- Suite -->
</testng-results>
